2019-05-19 23:29:04,455 INFO EditArticle [main] EditArticle test started
2019-05-19 23:29:11,354 INFO EditArticle [main] Navigate to http://dev-shire-test.pantheonsite.io/user/login
2019-05-19 23:29:12,633 INFO WebTextInput [main] Populate 'Username Input' with value 'sf_tanya'
2019-05-19 23:29:12,727 INFO WebTextInput [main] Verify text of 'Username Input' element
2019-05-19 23:29:12,852 INFO WebTextInput [main] 1st: 'sf_tanya'
2019-05-19 23:29:12,852 INFO WebTextInput [main] 2nd: 'sf_tanya'
2019-05-19 23:29:12,914 INFO WebTextInput [main] Populate 'Password Input' with value '1991SpaceFlash'
2019-05-19 23:29:12,992 INFO WebTextInput [main] Verify text of 'Password Input' element
2019-05-19 23:29:13,070 INFO WebTextInput [main] 1st: '1991SpaceFlash'
2019-05-19 23:29:13,070 INFO WebTextInput [main] 2nd: '1991SpaceFlash'
2019-05-19 23:29:13,133 INFO WebButton [main] Click on element 'Login Btn'
2019-05-19 23:29:14,972 INFO Menu [main] Check that page title is 'sf_tanya' in '10' seconds
2019-05-19 23:29:15,085 INFO WebLink [main] Click on element 'Content Lnk'
2019-05-19 23:29:16,394 INFO Menu [main] Check that page title is 'Content' in '10' seconds
2019-05-19 23:29:16,422 INFO Content [main] Edit content of 'Article1'
2019-05-19 23:29:18,632 INFO Menu [main] Check that page title is 'Edit Article Article1' in '20' seconds
2019-05-19 23:29:19,017 INFO WebTextInput [main] Populate 'Tag Input' with value 'edited'
2019-05-19 23:29:19,057 INFO WebTextInput [main] Verify text of 'Tag Input' element
2019-05-19 23:29:19,109 INFO WebTextInput [main] 1st: 'edited'
2019-05-19 23:29:19,109 INFO WebTextInput [main] 2nd: 'edited'
2019-05-19 23:29:19,234 INFO WebButton [main] Click on element 'Remove Image Btn'
2019-05-19 23:29:19,988 INFO WebButton [main] Click on element 'Save Btn'
2019-05-19 23:29:21,708 INFO Menu [main] Check that page title is 'Content' in '10' seconds
2019-05-19 23:29:21,734 INFO Content [main] Check if the info message equals to 'Article Article1 has been updated'
2019-05-19 23:29:21,768 INFO Helpers [main] Check 2 string if equals:
1st: 'Status message
Article Article1 has been updated.'
2nd: 'Article Article1 has been updated'
2019-05-19 23:29:21,768 INFO EditArticle [main] Check Article is published with edited content
2019-05-19 23:29:21,768 INFO Content [main] Go to the item with title 'Article1'
2019-05-19 23:29:23,210 INFO Menu [main] Check that page title is 'Article1' in '10' seconds
2019-05-19 23:29:23,281 INFO WebText [main] Verify text of 'Content Txt' element
2019-05-19 23:29:23,304 INFO WebText [main] 1st: 'content was edited'
2019-05-19 23:29:23,304 INFO WebText [main] 2nd: 'content was edited'
2019-05-19 23:29:23,321 INFO WebText [main] Verify text of 'Tag Txt' element
2019-05-19 23:29:23,338 INFO WebText [main] 1st: 'edited'
2019-05-19 23:29:23,338 INFO WebText [main] 2nd: 'edited'
