2019-05-21 00:41:36,621 INFO DeleteArticle [main] DeleteArticle test started
2019-05-21 00:41:43,598 INFO DeleteArticle [main] Navigate to http://dev-shire-test.pantheonsite.io/user/login
2019-05-21 00:41:44,705 INFO WebTextInput [main] Populate 'Username Input' with value 'sf_tanya'
2019-05-21 00:41:44,799 INFO WebTextInput [main] Verify text of 'Username Input' element
2019-05-21 00:41:44,877 INFO WebTextInput [main] 1st: 'sf_tanya'
2019-05-21 00:41:44,877 INFO WebTextInput [main] 2nd: 'sf_tanya'
2019-05-21 00:41:44,939 INFO WebTextInput [main] Populate 'Password Input' with value '1991SpaceFlash'
2019-05-21 00:41:45,002 INFO WebTextInput [main] Verify text of 'Password Input' element
2019-05-21 00:41:45,095 INFO WebTextInput [main] 1st: '1991SpaceFlash'
2019-05-21 00:41:45,095 INFO WebTextInput [main] 2nd: '1991SpaceFlash'
2019-05-21 00:41:45,158 INFO WebButton [main] Click on element 'Login Btn'
2019-05-21 00:41:47,415 INFO Menu [main] Check that page title is 'sf_tanya' in '10' seconds
2019-05-21 00:41:47,511 INFO WebLink [main] Click on element 'Content Lnk'
2019-05-21 00:41:48,871 INFO Menu [main] Check that page title is 'Content' in '10' seconds
2019-05-21 00:41:48,891 INFO Content [main] Select the item with title 'Article1'
2019-05-21 00:41:49,164 INFO WebSelect [main] Select 'Delete content' for Select Action
2019-05-21 00:41:49,423 INFO WebButton [main] Click on element 'Apply Btn'
2019-05-21 00:41:50,820 INFO Menu [main] Check that page title is 'Are you sure you want to delete this content item?' in '2' seconds
2019-05-21 00:41:50,884 INFO WebButton [main] Click on element 'Delete Btn'
2019-05-21 00:41:52,468 INFO Content [main] Check if the info message equals to 'Deleted 1 content item.'
