2019-05-20 01:34:45,223 INFO DeleteBasicPage [main] DeleteBasicPage test started
2019-05-20 01:34:58,128 INFO DeleteBasicPage [main] Navigate to http://dev-shire-test.pantheonsite.io/user/login
2019-05-20 01:34:59,423 INFO WebTextInput [main] Populate 'Username Input' with value 'sf_tanya'
2019-05-20 01:34:59,501 INFO WebTextInput [main] Verify text of 'Username Input' element
2019-05-20 01:34:59,579 INFO WebTextInput [main] 1st: 'sf_tanya'
2019-05-20 01:34:59,579 INFO WebTextInput [main] 2nd: 'sf_tanya'
2019-05-20 01:34:59,657 INFO WebTextInput [main] Populate 'Password Input' with value '1991SpaceFlash'
2019-05-20 01:34:59,735 INFO WebTextInput [main] Verify text of 'Password Input' element
2019-05-20 01:34:59,813 INFO WebTextInput [main] 1st: '1991SpaceFlash'
2019-05-20 01:34:59,813 INFO WebTextInput [main] 2nd: '1991SpaceFlash'
2019-05-20 01:34:59,875 INFO WebButton [main] Click on element 'Login Btn'
2019-05-20 01:35:01,836 INFO Menu [main] Check that page title is 'sf_tanya' in '10' seconds
2019-05-20 01:35:01,945 INFO WebLink [main] Click on element 'Content Lnk'
2019-05-20 01:35:03,394 INFO Menu [main] Check that page title is 'Content' in '10' seconds
2019-05-20 01:35:03,422 INFO Content [main] Check Type for 'Hobbits'
2019-05-20 01:35:03,442 INFO Helpers [main] Check 2 string if equals:
1st: 'Basic page'
2nd: 'Basic page'
2019-05-20 01:35:03,444 INFO Content [main] Select the item with title 'Hobbits'
2019-05-20 01:35:03,706 INFO WebSelect [main] Select 'Delete content' for Select Action
2019-05-20 01:35:03,855 INFO WebButton [main] Click on element 'Apply Btn'
2019-05-20 01:35:05,231 INFO Menu [main] Check that page title is 'Are you sure you want to delete this content item?' in '2' seconds
2019-05-20 01:35:05,251 INFO WebButton [main] Click on element 'Delete Btn'
2019-05-20 01:35:06,893 INFO Content [main] Check if the info message equals to 'Deleted 1 content item.'
2019-05-20 01:35:06,949 INFO Helpers [main] Check 2 string if equals:
1st: 'Status message
Deleted 1 content item.'
2nd: 'Deleted 1 content item.'
