2019-05-20 01:15:23,774 INFO AddNewBasicPage [main] AddNewBasicPage test started
2019-05-20 01:15:33,076 INFO AddNewBasicPage [main] Navigate to http://dev-shire-test.pantheonsite.io/user/login
2019-05-20 01:15:34,183 INFO WebTextInput [main] Populate 'Username Input' with value 'sf_tanya'
2019-05-20 01:15:34,261 INFO WebTextInput [main] Verify text of 'Username Input' element
2019-05-20 01:15:34,339 INFO WebTextInput [main] 1st: 'sf_tanya'
2019-05-20 01:15:34,339 INFO WebTextInput [main] 2nd: 'sf_tanya'
2019-05-20 01:15:34,402 INFO WebTextInput [main] Populate 'Password Input' with value '1991SpaceFlash'
2019-05-20 01:15:34,480 INFO WebTextInput [main] Verify text of 'Password Input' element
2019-05-20 01:15:34,558 INFO WebTextInput [main] 1st: '1991SpaceFlash'
2019-05-20 01:15:34,558 INFO WebTextInput [main] 2nd: '1991SpaceFlash'
2019-05-20 01:15:34,948 INFO WebButton [main] Click on element 'Login Btn'
2019-05-20 01:15:37,346 INFO Menu [main] Check that page title is 'sf_tanya' in '10' seconds
2019-05-20 01:15:37,470 INFO WebLink [main] Click on element 'Content Lnk'
2019-05-20 01:15:38,777 INFO Menu [main] Check that page title is 'Content' in '10' seconds
2019-05-20 01:15:38,798 INFO WebButton [main] Click on element 'Add Content Btn'
2019-05-20 01:15:39,902 INFO Menu [main] Check that page title is 'Add content' in '10' seconds
2019-05-20 01:15:39,927 INFO WebLink [main] Click on element 'Basic Page Lnk'
2019-05-20 01:15:41,569 INFO Menu [main] Check that page title is 'Create Basic page' in '10' seconds
2019-05-20 01:15:41,733 INFO WebTextInput [main] Populate 'Title Input' with value 'Hobbits'
2019-05-20 01:15:41,803 INFO WebTextInput [main] Verify text of 'Title Input' element
2019-05-20 01:15:41,840 INFO WebTextInput [main] 1st: 'Hobbits'
2019-05-20 01:15:41,840 INFO WebTextInput [main] 2nd: 'Hobbits'
2019-05-20 01:15:41,907 INFO WebLink [main] Click on element 'Source Format Lnk'
2019-05-20 01:15:42,170 INFO Helpers [main] Sleep for 2000 ms
2019-05-20 01:15:44,170 INFO WebTextInput [main] Populate 'Text Area Input' with value '<p><b>Famous Hobbits:</b></p><p>Bilbo Baggins</p><p>Frodo Baggins</p><p>Sam Gamgee</p><p>Merry Brandybuck</p><p>Pippin Took</p>'
2019-05-20 01:15:44,518 INFO WebCheckBox [main] Select Provide Menu Link
2019-05-20 01:15:44,859 INFO WebButton [main] Click on element 'Save Btn'
2019-05-20 01:15:47,062 INFO Menu [main] Check that page title is 'Hobbits' in '3' seconds
2019-05-20 01:15:47,164 INFO Helpers [main] Check 2 string if equals:
1st: 'Status message
Basic page Hobbits has been created.'
2nd: 'Basic page Hobbits has been created.'
2019-05-20 01:15:47,182 INFO WebLink [main] Click on element 'Content Lnk'
2019-05-20 01:15:48,548 INFO Menu [main] Check that page title is 'Content' in '10' seconds
2019-05-20 01:15:48,566 INFO Content [main] Check Type for 'Hobbits'
2019-05-20 01:15:48,593 INFO Helpers [main] Check 2 string if equals:
1st: 'Basic page'
2nd: 'Basic page'
2019-05-20 01:15:48,593 INFO Content [main] Check Status for 'Hobbits'
2019-05-20 01:15:48,610 INFO Helpers [main] Check 2 string if equals:
1st: 'Published'
2nd: 'Published'
