2019-05-21 00:37:33,782 INFO AddNewArticle [main] AddNewArticle test started
2019-05-21 00:37:40,635 INFO AddNewArticle [main] Navigate to http://dev-shire-test.pantheonsite.io/user/login
2019-05-21 00:37:41,976 INFO WebTextInput [main] Populate 'Username Input' with value 'sf_tanya'
2019-05-21 00:37:42,054 INFO WebTextInput [main] Verify text of 'Username Input' element
2019-05-21 00:37:42,132 INFO WebTextInput [main] 1st: 'sf_tanya'
2019-05-21 00:37:42,132 INFO WebTextInput [main] 2nd: 'sf_tanya'
2019-05-21 00:37:42,195 INFO WebTextInput [main] Populate 'Password Input' with value '1991SpaceFlash'
2019-05-21 00:37:42,257 INFO WebTextInput [main] Verify text of 'Password Input' element
2019-05-21 00:37:42,335 INFO WebTextInput [main] 1st: '1991SpaceFlash'
2019-05-21 00:37:42,335 INFO WebTextInput [main] 2nd: '1991SpaceFlash'
2019-05-21 00:37:42,397 INFO WebButton [main] Click on element 'Login Btn'
2019-05-21 00:37:44,184 INFO Menu [main] Check that page title is 'sf_tanya' in '10' seconds
2019-05-21 00:37:44,303 INFO WebLink [main] Click on element 'Content Lnk'
2019-05-21 00:37:45,858 INFO Menu [main] Check that page title is 'Content' in '10' seconds
2019-05-21 00:37:45,882 INFO WebButton [main] Click on element 'Add Content Btn'
2019-05-21 00:37:46,994 INFO Menu [main] Check that page title is 'Add content' in '10' seconds
2019-05-21 00:37:47,016 INFO WebLink [main] Click on element 'Article Lnk'
2019-05-21 00:37:48,647 INFO Menu [main] Check that page title is 'Create Article' in '10' seconds
2019-05-21 00:37:48,797 INFO WebTextInput [main] Populate 'Title Input' with value 'test article 0Ywi'
2019-05-21 00:37:48,884 INFO WebTextInput [main] Verify text of 'Title Input' element
2019-05-21 00:37:48,928 INFO WebTextInput [main] 1st: 'test article 0Ywi'
2019-05-21 00:37:48,928 INFO WebTextInput [main] 2nd: 'test article 0Ywi'
2019-05-21 00:37:49,315 INFO WebTextInput [main] Populate 'Tag Input' with value 'test'
2019-05-21 00:37:49,350 INFO WebTextInput [main] Verify text of 'Tag Input' element
2019-05-21 00:37:49,382 INFO WebTextInput [main] 1st: 'test'
2019-05-21 00:37:49,382 INFO WebTextInput [main] 2nd: 'test'
2019-05-21 00:37:49,415 INFO WebFileInput [main] Upload file 'D:/IdeaProjects/automationtesting/resources/1468678199118775206.jpg' in Image Input
2019-05-21 00:37:50,426 INFO WebTextInput [main] Populate 'Alt Text' with value 'shire'
2019-05-21 00:37:50,466 INFO WebTextInput [main] Verify text of 'Alt Text' element
2019-05-21 00:37:50,501 INFO WebTextInput [main] 1st: 'shire'
2019-05-21 00:37:50,501 INFO WebTextInput [main] 2nd: 'shire'
2019-05-21 00:37:50,528 INFO WebButton [main] Click on element 'Save Btn'
2019-05-21 00:37:52,746 INFO AddNewArticle [main] ===Check new Article is published with correct content===
2019-05-21 00:37:52,746 INFO Menu [main] Check that page title is 'test article 0Ywi' in '10' seconds
2019-05-21 00:37:53,095 INFO WebText [main] Verify text of 'Content Txt' element
2019-05-21 00:37:53,114 INFO WebText [main] 1st: 'content to check'
2019-05-21 00:37:53,114 INFO WebText [main] 2nd: 'content to check'
2019-05-21 00:37:53,129 INFO WebText [main] Verify text of 'Tag Txt' element
2019-05-21 00:37:53,147 INFO WebText [main] 1st: 'test'
2019-05-21 00:37:53,147 INFO WebText [main] 2nd: 'test'
2019-05-21 00:37:53,164 INFO AddNewArticle [main] ===Check new Article's presence in content table===
2019-05-21 00:37:53,164 INFO WebLink [main] Click on element 'Content Lnk'
2019-05-21 00:37:54,669 INFO Menu [main] Check that page title is 'Content' in '10' seconds
2019-05-21 00:37:54,693 INFO Content [main] Check Type for 'test article 0Ywi'
2019-05-21 00:37:54,717 INFO Helpers [main] Check 2 string if equals:
1st: 'Article'
2nd: 'Article'
2019-05-21 00:37:54,717 INFO Content [main] Check Status for 'test article 0Ywi'
2019-05-21 00:37:54,733 INFO Helpers [main] Check 2 string if equals:
1st: 'Published'
2nd: 'Published'
