2019-05-20 01:07:09,354 INFO AddNewBasicPage [main] AddNewBasicPage test started
2019-05-20 01:07:17,953 INFO AddNewBasicPage [main] Navigate to http://dev-shire-test.pantheonsite.io/user/login
2019-05-20 01:07:19,155 INFO WebTextInput [main] Populate 'Username Input' with value 'sf_tanya'
2019-05-20 01:07:19,248 INFO WebTextInput [main] Verify text of 'Username Input' element
2019-05-20 01:07:19,326 INFO WebTextInput [main] 1st: 'sf_tanya'
2019-05-20 01:07:19,326 INFO WebTextInput [main] 2nd: 'sf_tanya'
2019-05-20 01:07:19,389 INFO WebTextInput [main] Populate 'Password Input' with value '1991SpaceFlash'
2019-05-20 01:07:19,513 INFO WebTextInput [main] Verify text of 'Password Input' element
2019-05-20 01:07:19,591 INFO WebTextInput [main] 1st: '1991SpaceFlash'
2019-05-20 01:07:19,591 INFO WebTextInput [main] 2nd: '1991SpaceFlash'
2019-05-20 01:07:19,654 INFO WebButton [main] Click on element 'Login Btn'
2019-05-20 01:07:21,460 INFO Menu [main] Check that page title is 'sf_tanya' in '10' seconds
2019-05-20 01:07:21,611 INFO WebLink [main] Click on element 'Content Lnk'
2019-05-20 01:07:22,983 INFO Menu [main] Check that page title is 'Content' in '10' seconds
2019-05-20 01:07:23,017 INFO WebButton [main] Click on element 'Add Content Btn'
2019-05-20 01:07:24,159 INFO Menu [main] Check that page title is 'Add content' in '10' seconds
2019-05-20 01:07:24,198 INFO WebLink [main] Click on element 'Basic Page Lnk'
2019-05-20 01:07:25,826 INFO Menu [main] Check that page title is 'Create Basic page' in '10' seconds
2019-05-20 01:07:25,930 INFO WebTextInput [main] Populate 'Title Input' with value 'Hobbits'
2019-05-20 01:07:26,082 INFO WebTextInput [main] Verify text of 'Title Input' element
2019-05-20 01:07:26,139 INFO WebTextInput [main] 1st: 'Hobbits'
2019-05-20 01:07:26,140 INFO WebTextInput [main] 2nd: 'Hobbits'
2019-05-20 01:07:26,203 INFO WebLink [main] Click on element 'Source Format Lnk'
2019-05-20 01:07:26,449 INFO Helpers [main] Sleep for 2000 ms
2019-05-20 01:07:28,449 INFO WebTextInput [main] Populate 'Text Area Input' with value '<p><b>Famous Hobbits:</b></p><p>Bilbo Baggins</p><p>Frodo Baggins</p><p>Sam Gamgee</p><p>Merry Brandybuck</p><p>Pippin Took</p>'
2019-05-20 01:07:28,594 INFO WebTextInput [main] Verify text of 'Text Area Input' element
2019-05-20 01:07:29,106 INFO WebTextInput [main] 1st: ''
2019-05-20 01:07:29,106 INFO WebTextInput [main] 2nd: '<p><b>Famous Hobbits:</b></p><p>Bilbo Baggins</p><p>Frodo Baggins</p><p>Sam Gamgee</p><p>Merry Brandybuck</p><p>Pippin Took</p>'
2019-05-20 01:07:29,227 INFO AddNewBasicPage [main] Screenshot name is logs/AddNewBasicPage_2019-MAY-20_1-7-7/AddNewBasicPage_2019-MAY-20_1-7-29.png
