2019-05-20 01:02:33,841 INFO AddNewBasicPage [main] AddNewBasicPage test started
2019-05-20 01:02:43,564 INFO AddNewBasicPage [main] Navigate to http://dev-shire-test.pantheonsite.io/user/login
2019-05-20 01:02:45,171 INFO WebTextInput [main] Populate 'Username Input' with value 'sf_tanya'
2019-05-20 01:02:45,264 INFO WebTextInput [main] Verify text of 'Username Input' element
2019-05-20 01:02:45,342 INFO WebTextInput [main] 1st: 'sf_tanya'
2019-05-20 01:02:45,342 INFO WebTextInput [main] 2nd: 'sf_tanya'
2019-05-20 01:02:45,405 INFO WebTextInput [main] Populate 'Password Input' with value '1991SpaceFlash'
2019-05-20 01:02:45,483 INFO WebTextInput [main] Verify text of 'Password Input' element
2019-05-20 01:02:45,545 INFO WebTextInput [main] 1st: '1991SpaceFlash'
2019-05-20 01:02:45,545 INFO WebTextInput [main] 2nd: '1991SpaceFlash'
2019-05-20 01:02:45,623 INFO WebButton [main] Click on element 'Login Btn'
2019-05-20 01:02:47,363 INFO Menu [main] Check that page title is 'sf_tanya' in '10' seconds
2019-05-20 01:02:47,503 INFO WebLink [main] Click on element 'Content Lnk'
2019-05-20 01:02:48,816 INFO Menu [main] Check that page title is 'Content' in '10' seconds
2019-05-20 01:02:48,850 INFO WebButton [main] Click on element 'Add Content Btn'
2019-05-20 01:02:50,056 INFO Menu [main] Check that page title is 'Add content' in '10' seconds
2019-05-20 01:02:50,088 INFO WebLink [main] Click on element 'Basic Page Lnk'
2019-05-20 01:02:51,915 INFO Menu [main] Check that page title is 'Create Basic page' in '10' seconds
2019-05-20 01:02:51,950 INFO WebTextInput [main] Populate 'Title Input' with value 'Hobbits'
2019-05-20 01:02:52,000 INFO WebTextInput [main] Verify text of 'Title Input' element
2019-05-20 01:02:52,037 INFO WebTextInput [main] 1st: 'Hobbits'
2019-05-20 01:02:52,037 INFO WebTextInput [main] 2nd: 'Hobbits'
2019-05-20 01:02:52,099 INFO WebLink [main] Click on element 'Source Format Lnk'
2019-05-20 01:02:52,533 INFO Helpers [main] Sleep for 500 ms
2019-05-20 01:02:53,033 INFO WebTextInput [main] Populate 'Text Area Input' with value '<p><b>Famous Hobbits:</b></p><p>Bilbo Baggins</p><p>Frodo Baggins</p><p>Sam Gamgee</p><p>Merry Brandybuck</p><p>Pippin Took</p>'
2019-05-20 01:03:08,443 INFO AddNewBasicPage [main] Screenshot name is logs/AddNewBasicPage_2019-MAY-20_1-2-32/AddNewBasicPage_2019-MAY-20_1-3-8.png
