2019-05-20 01:28:57,781 INFO EditAndPreviewBasicPage [main] EditAndPreviewBasicPage test started
2019-05-20 01:29:06,661 INFO EditAndPreviewBasicPage [main] Navigate to http://dev-shire-test.pantheonsite.io/user/login
2019-05-20 01:29:08,502 INFO WebTextInput [main] Populate 'Username Input' with value 'sf_tanya'
2019-05-20 01:29:08,580 INFO WebTextInput [main] Verify text of 'Username Input' element
2019-05-20 01:29:08,658 INFO WebTextInput [main] 1st: 'sf_tanya'
2019-05-20 01:29:08,658 INFO WebTextInput [main] 2nd: 'sf_tanya'
2019-05-20 01:29:08,720 INFO WebTextInput [main] Populate 'Password Input' with value '1991SpaceFlash'
2019-05-20 01:29:08,783 INFO WebTextInput [main] Verify text of 'Password Input' element
2019-05-20 01:29:08,876 INFO WebTextInput [main] 1st: '1991SpaceFlash'
2019-05-20 01:29:08,876 INFO WebTextInput [main] 2nd: '1991SpaceFlash'
2019-05-20 01:29:08,939 INFO WebButton [main] Click on element 'Login Btn'
2019-05-20 01:29:10,721 INFO Menu [main] Check that page title is 'sf_tanya' in '10' seconds
2019-05-20 01:29:10,821 INFO WebLink [main] Click on element 'Content Lnk'
2019-05-20 01:29:12,106 INFO Menu [main] Check that page title is 'Content' in '10' seconds
2019-05-20 01:29:12,139 INFO Content [main] Edit content of 'Hobbits'
2019-05-20 01:29:13,854 INFO Menu [main] Check that page title is 'Edit Basic page Hobbits' in '20' seconds
2019-05-20 01:29:14,380 INFO EditAndPreviewBasicPage [main] ===Preview edited content===
2019-05-20 01:29:14,380 INFO WebButton [main] Click on element 'Preview Btn'
2019-05-20 01:29:15,961 INFO Menu [main] Check that page title is 'Hobbits' in '3' seconds
2019-05-20 01:29:16,007 INFO WebText [main] Verify text of 'Content Txt' element
2019-05-20 01:29:16,025 INFO WebText [main] 1st: 'At the beginning of the story was Bilbo Baggins.'
2019-05-20 01:29:16,025 INFO WebText [main] 2nd: 'At the beginning of the story was Bilbo Baggins.'
2019-05-20 01:29:16,052 INFO WebLink [main] Click on element 'Back To Edit Lnk'
2019-05-20 01:29:18,166 INFO WebTextInput [main] Verify text of 'Title Input' element
2019-05-20 01:29:18,366 INFO WebTextInput [main] 1st: 'Hobbits'
2019-05-20 01:29:18,366 INFO WebTextInput [main] 2nd: 'Hobbits'
2019-05-20 01:29:18,412 INFO Helpers [main] Sleep for 500 ms
2019-05-20 01:29:18,942 INFO Helpers [main] Check 2 string if equals:
1st: 'At the beginning of the story was Bilbo Baggins.'
2nd: 'At the beginning of the story was Bilbo Baggins.'
