2019-05-20 00:58:48,229 INFO AddNewBasicPage [main] AddNewBasicPage test started
2019-05-20 00:58:56,346 INFO AddNewBasicPage [main] Navigate to http://dev-shire-test.pantheonsite.io/user/login
2019-05-20 00:58:57,812 INFO WebTextInput [main] Populate 'Username Input' with value 'sf_tanya'
2019-05-20 00:58:57,921 INFO WebTextInput [main] Verify text of 'Username Input' element
2019-05-20 00:58:57,999 INFO WebTextInput [main] 1st: 'sf_tanya'
2019-05-20 00:58:57,999 INFO WebTextInput [main] 2nd: 'sf_tanya'
2019-05-20 00:58:58,062 INFO WebTextInput [main] Populate 'Password Input' with value '1991SpaceFlash'
2019-05-20 00:58:58,140 INFO WebTextInput [main] Verify text of 'Password Input' element
2019-05-20 00:58:58,218 INFO WebTextInput [main] 1st: '1991SpaceFlash'
2019-05-20 00:58:58,218 INFO WebTextInput [main] 2nd: '1991SpaceFlash'
2019-05-20 00:58:58,296 INFO WebButton [main] Click on element 'Login Btn'
2019-05-20 00:59:00,573 INFO Menu [main] Check that page title is 'sf_tanya' in '10' seconds
2019-05-20 00:59:00,704 INFO WebLink [main] Click on element 'Content Lnk'
2019-05-20 00:59:02,106 INFO Menu [main] Check that page title is 'Content' in '10' seconds
2019-05-20 00:59:02,142 INFO WebButton [main] Click on element 'Add Content Btn'
2019-05-20 00:59:03,267 INFO Menu [main] Check that page title is 'Add content' in '10' seconds
2019-05-20 00:59:03,313 INFO WebLink [main] Click on element 'Basic Page Lnk'
2019-05-20 00:59:05,490 INFO Menu [main] Check that page title is 'Create Basic page' in '10' seconds
2019-05-20 00:59:05,542 INFO WebTextInput [main] Populate 'Title Input' with value 'Hobbits'
2019-05-20 00:59:05,587 INFO WebTextInput [main] Verify text of 'Title Input' element
2019-05-20 00:59:05,662 INFO WebTextInput [main] 1st: 'Hobbits'
2019-05-20 00:59:05,662 INFO WebTextInput [main] 2nd: 'Hobbits'
2019-05-20 00:59:05,725 INFO WebLink [main] Click on element 'Source Format Lnk'
2019-05-20 00:59:05,987 INFO Helpers [main] Sleep for 500 ms
2019-05-20 00:59:06,585 INFO AddNewBasicPage [main] Screenshot name is logs/AddNewBasicPage_2019-MAY-20_0-58-47/AddNewBasicPage_2019-MAY-20_0-59-6.png
