2019-05-19 21:05:05,837 INFO DeleteArticle [main] DeleteArticle test started
2019-05-19 21:05:13,848 INFO DeleteArticle [main] Navigate to http://dev-shire-test.pantheonsite.io/user/login
2019-05-19 21:05:14,934 INFO WebTextInput [main] Populate 'Username Input' with value 'sf_tanya'
2019-05-19 21:05:15,026 INFO WebTextInput [main] Verify text of 'Username Input' element
2019-05-19 21:05:15,074 INFO WebTextInput [main] 1st: 'sf_tanya'
2019-05-19 21:05:15,074 INFO WebTextInput [main] 2nd: 'sf_tanya'
2019-05-19 21:05:15,122 INFO WebTextInput [main] Populate 'Password Input' with value '1991SpaceFlash'
2019-05-19 21:05:15,169 INFO WebTextInput [main] Verify text of 'Password Input' element
2019-05-19 21:05:15,201 INFO WebTextInput [main] 1st: '1991SpaceFlash'
2019-05-19 21:05:15,202 INFO WebTextInput [main] 2nd: '1991SpaceFlash'
2019-05-19 21:05:15,269 INFO WebButton [main] Click on element 'Login Btn'
2019-05-19 21:05:17,112 INFO Menu [main] Check that page title is 'sf_tanya' in '10' seconds
2019-05-19 21:05:17,222 INFO WebLink [main] Click on element 'Content Lnk'
2019-05-19 21:05:18,585 INFO Menu [main] Check that page title is 'Content' in '10' seconds
2019-05-19 21:05:18,610 INFO Content [main] Select the item with title 'Article1'
2019-05-19 21:05:18,897 INFO WebSelect [main] Select 'Delete content' for Select Action
2019-05-19 21:05:19,022 INFO WebButton [main] Click on element 'Apply Btn'
2019-05-19 21:05:20,585 INFO Menu [main] Check that page title is 'Are you sure you want to delete this content item?' in '2' seconds
2019-05-19 21:05:20,616 INFO WebButton [main] Click on element 'Delete Btn'
2019-05-19 21:05:25,891 INFO DeleteArticle [main] Screenshot name is logs/DeleteArticle_2019-MAY-19_21-5-4/DeleteArticle_2019-MAY-19_21-5-25.png
